11:32:16 INFO  : Registering command handlers for SDK TCF services
11:32:17 INFO  : Launching XSCT server: xsct.bat -interactive E:\SOC\TFT\TFT.sdk\temp_xsdb_launch_script.tcl
11:32:19 INFO  : XSCT server has started successfully.
11:32:19 INFO  : Successfully done setting XSCT server connection channel  
11:32:19 INFO  : Successfully done setting SDK workspace  
11:32:19 INFO  : Processing command line option -hwspec E:/SOC/TFT/TFT.sdk/system_wrapper.hdf.
11:34:31 INFO  : Example project rgb2tft_bsp_vdma_1 has been created successfully.
11:47:49 INFO  : Example project rgb2tft_bsp_vtc_selftest_example_1 has been created successfully.
12:12:34 INFO  : Example project rgb2tft_bsp_vtc_selftest_example_1 has been created successfully.
11:45:08 INFO  : Registering command handlers for SDK TCF services
11:45:09 INFO  : Launching XSCT server: xsct.bat -interactive E:\SOC\TFT\TFT.sdk\temp_xsdb_launch_script.tcl
11:45:12 INFO  : XSCT server has started successfully.
11:45:12 INFO  : Successfully done setting XSCT server connection channel  
11:45:13 INFO  : Successfully done setting SDK workspace  
11:45:13 INFO  : Processing command line option -hwspec E:/SOC/TFT/TFT.sdk/system_wrapper.hdf.
11:45:13 INFO  : Checking for hwspec changes in the project system_wrapper_hw_platform_0.
13:11:48 INFO  : Registering command handlers for SDK TCF services
13:11:49 INFO  : Launching XSCT server: xsct.bat -interactive E:\SOC\TFT\TFT.sdk\temp_xsdb_launch_script.tcl
13:11:51 INFO  : XSCT server has started successfully.
13:11:51 INFO  : Successfully done setting XSCT server connection channel  
13:11:52 INFO  : Successfully done setting SDK workspace  
13:11:52 INFO  : Processing command line option -hwspec E:/SOC/TFT/TFT.sdk/system_wrapper.hdf.
13:11:52 INFO  : Checking for hwspec changes in the project system_wrapper_hw_platform_0.
12:46:38 INFO  : Registering command handlers for SDK TCF services
12:46:39 INFO  : Launching XSCT server: xsct.bat -interactive E:\SOC\TFT\TFT.sdk\temp_xsdb_launch_script.tcl
12:46:42 INFO  : XSCT server has started successfully.
12:46:46 INFO  : Successfully done setting XSCT server connection channel  
12:46:46 INFO  : Successfully done setting SDK workspace  
12:46:46 INFO  : Processing command line option -hwspec E:/SOC/TFT/TFT.sdk/system_wrapper.hdf.
12:46:46 INFO  : Checking for hwspec changes in the project system_wrapper_hw_platform_0.
21:50:45 INFO  : Registering command handlers for SDK TCF services
21:50:46 INFO  : Launching XSCT server: xsct.bat -interactive E:\SOC\TFT\TFT.sdk\temp_xsdb_launch_script.tcl
21:50:50 INFO  : XSCT server has started successfully.
21:50:50 INFO  : Successfully done setting XSCT server connection channel  
21:50:51 INFO  : Successfully done setting SDK workspace  
21:50:51 INFO  : Processing command line option -hwspec E:/SOC/TFT/TFT.sdk/system_wrapper.hdf.
21:50:51 INFO  : Checking for hwspec changes in the project system_wrapper_hw_platform_0.
